<?xml version="1.0" encoding="UTF-8"?>
<testsuite name="org.example.service.TodoServiceTest" tests="1" skipped="0" failures="0" errors="0" timestamp="2023-01-10T04:34:11" hostname="jangtaehwan-ui-MacBookPro.local" time="0.338">
  <properties/>
  <testcase name="add()" classname="org.example.service.TodoServiceTest" time="0.338"/>
  <system-out><![CDATA[]]></system-out>
  <system-err><![CDATA[]]></system-err>
</testsuite>
